/Users/davidwoodall/.rbenv/versions/2.1.0/bin/ruby extconf.rb 
/Users/davidwoodall/.rbenv/versions/2.1.0/bin/ruby: warning: RUBY_HEAP_MIN_SLOTS is obsolete. Use RUBY_GC_HEAP_INIT_SLOTS instead.
checking for ffi.h... no
checking for ffi.h in /usr/local/include,/usr/include/ffi... yes
checking for ffi_call() in -lffi... yes
checking for ffi_prep_closure()... yes
checking for ffi_raw_call()... no
checking for rb_thread_blocking_region()... yes
checking for rb_thread_call_with_gvl()... yes
checking for rb_thread_call_without_gvl()... yes
checking for ffi_prep_cif_var()... no
creating extconf.h
creating Makefile

make "DESTDIR=" clean

make "DESTDIR="
compiling AbstractMemory.c
compiling ArrayType.c
compiling Buffer.c
compiling Call.c
compiling ClosurePool.c
compiling DataConverter.c
compiling DynamicLibrary.c
compiling ffi.c
compiling Function.c
Function.c: In function ‘callback_invoke’:
Function.c:479: warning: passing argument 1 of ‘rb_thread_call_with_gvl’ from incompatible pointer type
compiling FunctionInfo.c
compiling LastError.c
compiling LongDouble.c
compiling MappedType.c
compiling MemoryPointer.c
compiling MethodHandle.c
compiling Platform.c
compiling Pointer.c
compiling Struct.c
compiling StructByReference.c
compiling StructByValue.c
compiling StructLayout.c
compiling Thread.c
compiling Type.c
compiling Types.c
compiling Variadic.c
linking shared-object ffi_c.bundle

make "DESTDIR=" install
/usr/bin/install -c -m 0755 ffi_c.bundle ./.gem.20140626-15091-1iyst1q
installing default ffi_c libraries
